c:\users\anzac\documents\github\mathlib\mathlab\mathlibrary\x64\debug\mathlibrary.pch
c:\users\anzac\documents\github\mathlib\mathlab\mathlibrary\x64\debug\vc141.pdb
c:\users\anzac\documents\github\mathlib\mathlab\mathlibrary\x64\debug\vc141.idb
c:\users\anzac\documents\github\mathlib\mathlab\mathlibrary\x64\debug\stdafx.obj
c:\users\anzac\documents\github\mathlib\mathlab\mathlibrary\x64\debug\pipvector.obj
c:\users\anzac\documents\github\mathlib\mathlab\mathlibrary\x64\debug\pipmatrice.obj
c:\users\anzac\documents\github\mathlib\mathlab\mathlibrary\x64\debug\mathlibrary.obj
c:\users\anzac\documents\github\mathlib\mathlab\mathlibrary\x64\debug\dllmain.obj
c:\users\anzac\documents\github\mathlib\mathlab\x64\debug\mathlibrary.ilk
c:\users\anzac\documents\github\mathlib\mathlab\x64\debug\mathlibrary.dll
c:\users\anzac\documents\github\mathlib\mathlab\x64\debug\mathlibrary.pdb
c:\users\anzac\documents\github\mathlib\mathlab\x64\debug\mathlibrary.lib
c:\users\anzac\documents\github\mathlib\mathlab\x64\debug\mathlibrary.exp
c:\users\anzac\documents\github\mathlib\mathlab\mathlibrary\x64\debug\mathlibrary.tlog\cl.command.1.tlog
c:\users\anzac\documents\github\mathlib\mathlab\mathlibrary\x64\debug\mathlibrary.tlog\cl.read.1.tlog
c:\users\anzac\documents\github\mathlib\mathlab\mathlibrary\x64\debug\mathlibrary.tlog\cl.write.1.tlog
c:\users\anzac\documents\github\mathlib\mathlab\mathlibrary\x64\debug\mathlibrary.tlog\link.command.1.tlog
c:\users\anzac\documents\github\mathlib\mathlab\mathlibrary\x64\debug\mathlibrary.tlog\link.read.1.tlog
c:\users\anzac\documents\github\mathlib\mathlab\mathlibrary\x64\debug\mathlibrary.tlog\link.write.1.tlog
c:\users\anzac\documents\github\mathlib\mathlab\mathlibrary\x64\debug\mathlibrary.tlog\mathlibrary.write.1u.tlog
